<?xml version="1.0" encoding="UTF-8"?>
<testsuite xmlns:xsi="http://www.w3.org/2001/XMLSchema-instance" xsi:noNamespaceSchemaLocation="https://maven.apache.org/surefire/maven-surefire-plugin/xsd/surefire-test-report.xsd" name="com.xcx.XcxApplicationTests" time="8.408" tests="2" errors="0" skipped="0" failures="0">
  <properties>
[...]
</properties>
  <testcase name="test" classname="com.xcx.XcxApplicationTests" time="1.526"/>
  <testcase name="contextLoads" classname="com.xcx.XcxApplicationTests" time="0.003"/>
</testsuite>